[2026-03-22T17:15:37.414Z] GET https://ouraring.com/ → pending (?ms, ?B)
[2026-03-22T17:15:37.844Z] GET https://ouraring.com/b/a/ecom-website/0a2dd15d6ea3b7ccea8bab1a43ebe172e2dc6283/_next/static/css/716dcb62c8fe6337.css → 200 (176ms, 229813B)
[2026-03-22T17:15:37.844Z] GET https://ouraring.com/b/a/ecom-website/0a2dd15d6ea3b7ccea8bab1a43ebe172e2dc6283/_next/static/chunks/webpack-768fb8637158b4e1.js → 200 (208ms, 8425B)
[2026-03-22T17:15:37.844Z] GET https://ouraring.com/b/a/ecom-website/0a2dd15d6ea3b7ccea8bab1a43ebe172e2dc6283/_next/static/chunks/4bd1b696-182b6b13bdad92e3.js → 200 (234ms, 173025B)
[2026-03-22T17:15:37.845Z] GET https://ouraring.com/b/a/ecom-website/0a2dd15d6ea3b7ccea8bab1a43ebe172e2dc6283/_next/static/chunks/1255-1e9a537968501932.js → 200 (233ms, 172625B)
[2026-03-22T17:15:37.845Z] GET https://ouraring.com/b/a/ecom-website/0a2dd15d6ea3b7ccea8bab1a43ebe172e2dc6283/_next/static/chunks/main-app-234525b5e3ddebfb.js → 200 (233ms, 525B)
[2026-03-22T17:15:37.845Z] GET https://ouraring.com/b/a/ecom-website/0a2dd15d6ea3b7ccea8bab1a43ebe172e2dc6283/_next/static/chunks/4168c042-2bb93ca0a7358304.js → 200 (245ms, 331410B)
[2026-03-22T17:15:37.846Z] GET https://ouraring.com/b/a/ecom-website/0a2dd15d6ea3b7ccea8bab1a43ebe172e2dc6283/_next/static/chunks/97ba7d01-fc7eb6d321fbb20c.js → 200 (265ms, 78761B)
[2026-03-22T17:15:37.846Z] GET https://ouraring.com/b/a/ecom-website/0a2dd15d6ea3b7ccea8bab1a43ebe172e2dc6283/_next/static/chunks/1126-6af5c73de36e2571.js → 200 (269ms, 191401B)
[2026-03-22T17:15:37.846Z] GET https://ouraring.com/b/a/ecom-website/0a2dd15d6ea3b7ccea8bab1a43ebe172e2dc6283/_next/static/chunks/1768-701bc35e36b14539.js → 200 (268ms, 67049B)
[2026-03-22T17:15:37.846Z] GET https://ouraring.com/b/a/ecom-website/0a2dd15d6ea3b7ccea8bab1a43ebe172e2dc6283/_next/static/chunks/1966-49a359aea8589392.js → 200 (335ms, 194246B)
[2026-03-22T17:15:37.846Z] GET https://ouraring.com/b/a/ecom-website/0a2dd15d6ea3b7ccea8bab1a43ebe172e2dc6283/_next/static/chunks/1664-ea1a760580513919.js → 200 (346ms, 41529B)
[2026-03-22T17:15:37.846Z] GET https://ouraring.com/b/a/ecom-website/0a2dd15d6ea3b7ccea8bab1a43ebe172e2dc6283/_next/static/chunks/1511-d46055e5c8bab40a.js → 200 (351ms, 132665B)
[2026-03-22T17:15:37.846Z] GET https://ouraring.com/b/a/ecom-website/0a2dd15d6ea3b7ccea8bab1a43ebe172e2dc6283/_next/static/chunks/506-7fb79a2b62d6c71b.js → 200 (365ms, 181152B)
[2026-03-22T17:15:37.846Z] GET https://ouraring.com/b/a/ecom-website/0a2dd15d6ea3b7ccea8bab1a43ebe172e2dc6283/_next/static/chunks/4888-60fd6f9475d282d3.js → 200 (371ms, 39422B)
[2026-03-22T17:15:37.846Z] GET https://ouraring.com/b/a/ecom-website/0a2dd15d6ea3b7ccea8bab1a43ebe172e2dc6283/_next/static/chunks/2269-5c4c393abba3d7b4.js → 200 (377ms, 49954B)
[2026-03-22T17:15:37.846Z] GET https://ouraring.com/b/a/ecom-website/0a2dd15d6ea3b7ccea8bab1a43ebe172e2dc6283/_next/static/chunks/3757-b01c2685d6d44448.js → 200 (378ms, 32069B)
[2026-03-22T17:15:37.846Z] GET https://ouraring.com/b/a/ecom-website/0a2dd15d6ea3b7ccea8bab1a43ebe172e2dc6283/_next/static/chunks/5709-390183b4230abf37.js → 200 (378ms, 19590B)
[2026-03-22T17:15:37.847Z] GET https://ouraring.com/b/a/ecom-website/0a2dd15d6ea3b7ccea8bab1a43ebe172e2dc6283/_next/static/chunks/3479-adbde109f2af1498.js → 200 (378ms, 31001B)
[2026-03-22T17:15:37.847Z] GET https://ouraring.com/b/a/ecom-website/0a2dd15d6ea3b7ccea8bab1a43ebe172e2dc6283/_next/static/chunks/6161-cf78c6fc332c91b6.js → 200 (404ms, 7122B)
[2026-03-22T17:15:37.847Z] GET https://ouraring.com/b/a/ecom-website/0a2dd15d6ea3b7ccea8bab1a43ebe172e2dc6283/_next/static/chunks/3580-d436bcafd357d580.js → 200 (404ms, 30402B)
[2026-03-22T17:15:37.847Z] GET https://ouraring.com/b/a/ecom-website/0a2dd15d6ea3b7ccea8bab1a43ebe172e2dc6283/_next/static/chunks/7968-60ae5bed804614a0.js → 200 (380ms, 15833B)
[2026-03-22T17:15:37.847Z] GET https://ouraring.com/b/a/ecom-website/0a2dd15d6ea3b7ccea8bab1a43ebe172e2dc6283/_next/static/chunks/5996-b800400fdd09f616.js → 200 (378ms, 17930B)
[2026-03-22T17:15:37.847Z] GET https://ouraring.com/b/a/ecom-website/0a2dd15d6ea3b7ccea8bab1a43ebe172e2dc6283/_next/static/chunks/9998-12e61ef214569cb3.js → 200 (379ms, 11734B)
[2026-03-22T17:15:37.847Z] GET https://ouraring.com/b/a/ecom-website/0a2dd15d6ea3b7ccea8bab1a43ebe172e2dc6283/_next/static/chunks/5815-21eb3bd845087246.js → 200 (403ms, 10878B)
[2026-03-22T17:15:37.847Z] GET https://ouraring.com/b/a/ecom-website/0a2dd15d6ea3b7ccea8bab1a43ebe172e2dc6283/_next/static/chunks/3023-7d34dfb7ad2b8609.js → 200 (444ms, 18430B)
[2026-03-22T17:15:37.847Z] GET https://ouraring.com/b/a/ecom-website/0a2dd15d6ea3b7ccea8bab1a43ebe172e2dc6283/_next/static/chunks/937-0ba692fe09089a2d.js → 200 (379ms, 14820B)
[2026-03-22T17:15:37.847Z] GET https://ouraring.com/b/a/ecom-website/0a2dd15d6ea3b7ccea8bab1a43ebe172e2dc6283/_next/static/chunks/5896-dd79a6949c4b68b7.js → 200 (507ms, 23978B)
[2026-03-22T17:15:37.847Z] GET https://ouraring.com/b/a/ecom-website/0a2dd15d6ea3b7ccea8bab1a43ebe172e2dc6283/_next/static/chunks/1679-d2a7d8fe8eb20eeb.js → 200 (380ms, 9768B)
[2026-03-22T17:15:37.847Z] GET https://ouraring.com/b/a/ecom-website/0a2dd15d6ea3b7ccea8bab1a43ebe172e2dc6283/_next/static/chunks/3680-c46e1f7e8f2eec69.js → 200 (380ms, 6990B)
[2026-03-22T17:15:37.847Z] GET https://ouraring.com/b/a/ecom-website/0a2dd15d6ea3b7ccea8bab1a43ebe172e2dc6283/_next/static/chunks/app/%5Blocale%5D/page-85d462c577556763.js → 200 (462ms, 56984B)
[2026-03-22T17:15:37.847Z] GET https://ouraring.com/b/a/ecom-website/0a2dd15d6ea3b7ccea8bab1a43ebe172e2dc6283/_next/static/chunks/7122-084c7200d44f3329.js → 200 (398ms, 32108B)
[2026-03-22T17:15:37.848Z] GET https://ouraring.com/b/a/ecom-website/0a2dd15d6ea3b7ccea8bab1a43ebe172e2dc6283/_next/static/chunks/app/global-error-ec89984006467957.js → 200 (396ms, 5959B)
[2026-03-22T17:15:37.848Z] GET https://ouraring.com/b/a/ecom-website/0a2dd15d6ea3b7ccea8bab1a43ebe172e2dc6283/_next/static/chunks/4864-6d6ddbc8d56144ad.js → 200 (397ms, 10081B)
[2026-03-22T17:15:37.848Z] GET https://ouraring.com/b/a/ecom-website/0a2dd15d6ea3b7ccea8bab1a43ebe172e2dc6283/_next/static/chunks/9598-13986fa9b70aa3bf.js → 200 (403ms, 270775B)
[2026-03-22T17:15:37.848Z] GET https://ouraring.com/b/a/ecom-website/0a2dd15d6ea3b7ccea8bab1a43ebe172e2dc6283/_next/static/chunks/app/%5Blocale%5D/layout-8c1f0c4871e4482b.js → 200 (403ms, 19869B)
[2026-03-22T17:15:37.848Z] GET https://ouraringconfig.com/sdk/9.min.js → 200 (305ms, 23023B)
[2026-03-22T17:15:37.848Z] GET https://cdn.noibu.com/collect-core.js → 200 (379ms, 180017B)
[2026-03-22T17:15:37.848Z] GET https://decagon.ai/loaders/oura_embed.js → 200 (363ms, 6960B)
[2026-03-22T17:15:37.848Z] GET https://ourahealth.imgix.net/or4-home-hero-desktop-fallback.png?ixlib=js-3.8.0&fm=webp&w=1920&q=75&s=0f4e4db6ba0d48ee20ff1dfe3f8535c9 → 200 (227ms, ?B)
[2026-03-22T17:15:37.848Z] GET https://ourahealth.imgix.net/or4-home-hero-mobile-fallback.png?ixlib=js-3.8.0&fm=webp&w=1920&q=75&s=0bbd35d05cbce3e8527cbe64c9d46e6b → 200 (547ms, ?B)
[2026-03-22T17:15:37.853Z] GET https://ourahealth.imgix.net/gen4-hero-desktop-tony-2.mp4?ixlib=js-3.8.0&fm=mp4&res=high&s=7762a09fef2a69cbda901ff9134ea15b → 206 (357ms, ?B)
[2026-03-22T17:15:37.853Z] GET https://ourahealth.imgix.net/gen4-hero-mobile-final.mp4?ixlib=js-3.8.0&fm=mp4&res=high&s=9aab9f98a8fa261ef3d201ec131b011d → 206 (502ms, ?B)
[2026-03-22T17:15:38.074Z] GET https://d2o9p5vky89u4e.cloudfront.net/MGFjMmZkODA4MmFmLm8zbi5pbw%3D%3D/l9bkxtucizywp9dbc45e7z0gb/b3VyYXJpbmcuY29t/img.gif → 200 (557ms, ?B)
[2026-03-22T17:15:38.074Z] GET https://ourahealth.imgix.net/jade/masks/bg_mask_starting_your_day_asleep.jpg?ixlib=js-3.8.0&auto=format&fit=max&fm=png&q=70&w=640&s=b0dbb1be7eff10997c8d914115640810 → 200 (473ms, ?B)
[2026-03-22T17:15:38.074Z] GET https://ourahealth.imgix.net/jade/masks/bg_mask_starting_your_day_readiness.jpg?ixlib=js-3.8.0&auto=format&fit=max&fm=png&q=70&w=640&s=83862f1410eb785c9b405270b7c8178f → 200 (474ms, ?B)
[2026-03-22T17:15:38.074Z] GET https://ouraring.com/assets/fonts/AkkuratLL-Regular.woff2 → 200 (316ms, 51448B)
[2026-03-22T17:15:38.074Z] GET https://ouraring.com/assets/fonts/PPEditorialNew-UltralightItalic.woff2 → 200 (316ms, 37436B)
[2026-03-22T17:15:38.074Z] GET https://ouraring.com/assets/fonts/AkkuratLL-Light.woff2 → 200 (316ms, 51704B)
[2026-03-22T17:15:38.074Z] GET https://ouraring.com/assets/fonts/PPEditorialNew-Ultralight.woff2 → 200 (316ms, 36780B)
[2026-03-22T17:15:38.074Z] GET https://ouraring.com/assets/fonts/PPEditorialNew-Light.woff2 → 200 (321ms, 38244B)
[2026-03-22T17:15:38.074Z] GET https://ourahealth.imgix.net/homepage/olympics-chiclet-en.jpg?ixlib=js-3.8.0&auto=format&fit=max&fm=png&q=70&w=256&s=b8207774ee2abd7fad21f6abc0638723 → 200 (378ms, ?B)
[2026-03-22T17:15:38.074Z] GET https://ourahealth.imgix.net/blue-sky/home/home-ring-module-or4.jpg?ixlib=js-3.8.0&auto=format&fit=crop&fm=png&ar=10%3A7&crop=focalpoint&fp-x=0.55&fp-y=0.36&fp-z=1.9&q=70&w=640&s=13da4254084155dfee76dfd2ab45e32e → 200 (474ms, ?B)
[2026-03-22T17:15:38.074Z] GET https://ourahealth.imgix.net/blue-sky/home/home-ring-module-or4-ceramic.jpg?ixlib=js-3.8.0&auto=format&fit=crop&fm=png&ar=10%3A7&crop=focalpoint&fp-x=0.5&fp-y=0.42&fp-z=2&q=70&w=640&s=f7bceca4959f7206a04bc64a88b783a3 → 200 (474ms, ?B)
[2026-03-22T17:15:38.074Z] GET https://ourahealth.imgix.net/why-oura/oreo/slide-1-sleep.jpg?ixlib=js-3.8.0&auto=format&fit=max&fm=png&q=70&w=640&s=db3aec7ddaf244014e62aa29786aedc3 → 200 (476ms, ?B)
[2026-03-22T17:15:38.074Z] GET https://ourahealth.imgix.net/why-oura/oreo/slide-4-wellness.jpg?ixlib=js-3.8.0&auto=format&fit=max&fm=png&q=70&w=640&s=3717cb531b9be4e6b184bd68506299d1 → 200 (477ms, ?B)
[2026-03-22T17:15:38.074Z] GET https://ourahealth.imgix.net/why-oura/oreo/slide-3-activity.jpg?ixlib=js-3.8.0&auto=format&fit=max&fm=png&q=70&w=640&s=e6d191a594b36a1934a15bf2dd831820 → pending (?ms, ?B)
[2026-03-22T17:15:38.074Z] GET https://ourahealth.imgix.net/home/OR4/home-page-heart.jpg?ixlib=js-3.8.0&auto=format&fit=max&fm=png&q=70&w=640&s=2224a4efe524ceec876dff0855f2cdb3 → pending (?ms, ?B)
[2026-03-22T17:15:38.074Z] GET https://ourahealth.imgix.net/why-oura/oreo/slide-5-womens.jpg?ixlib=js-3.8.0&auto=format&fit=max&fm=png&q=70&w=640&s=054823e1abe8c5c533cd5b9dd39ece77 → pending (?ms, ?B)
[2026-03-22T17:15:38.075Z] GET https://ourahealth.imgix.net/why-oura/oreo/slide-6-stress.jpg?ixlib=js-3.8.0&auto=format&fit=max&fm=png&q=70&w=640&s=a3165176560b9905f5fb299044da1de1 → pending (?ms, ?B)
[2026-03-22T17:15:38.075Z] GET https://ourahealth.imgix.net/blue-sky/home/start-day.jpg?ixlib=js-3.8.0&auto=format&fit=max&fm=png&q=70&w=640&s=39876a52208e9c26554000111c69d8fe → pending (?ms, ?B)
[2026-03-22T17:15:38.075Z] GET https://ourahealth.imgix.net/home-scenarios-sleep-chart-ui-en.png?ixlib=js-3.8.0&auto=format&fit=max&fm=png&q=70&w=384&s=a340ea495fc7f8e424483b86e8d287df → pending (?ms, ?B)
[2026-03-22T17:15:38.075Z] GET https://ourahealth.imgix.net/home-scenarios-sleep-readiness-ui-en.png?ixlib=js-3.8.0&auto=format&fit=max&fm=png&q=70&w=384&s=eff9f960d24495ef48a2502c5c32c58a → pending (?ms, ?B)
[2026-03-22T17:15:38.075Z] GET https://ourahealth.imgix.net/press/home-press-ceramic.jpg?ixlib=js-3.8.0&auto=format&fit=crop&fm=png&fp-y=1&fp-x=0.47&fp-z=1.2&crop=focalpoint&q=70&w=828&s=6900a01509c16c052b03f5c3565351dc → pending (?ms, ?B)
[2026-03-22T17:15:38.088Z] GET https://cdn1.affirm.com/js/v2/affirm.js → pending (?ms, ?B)
[2026-03-22T17:15:38.355Z] GET https://ouraring.com/b/a/ecom-website/0a2dd15d6ea3b7ccea8bab1a43ebe172e2dc6283/_next/static/chunks/app/%5Blocale%5D/not-found-0a580f3792515bed.js → pending (?ms, ?B)
[2026-03-22T17:15:38.425Z] POST https://o94626.ingest.us.sentry.io/api/4507340239077376/envelope/?sentry_version=7&sentry_key=84c0849e2213de1fc679e5d2b23d1212&sentry_client=sentry.javascript.nextjs%2F9.47.1 → pending (?ms, ?B)
[2026-03-22T17:15:38.427Z] GET https://www.whoop.com/ → pending (?ms, ?B)
[2026-03-22T17:15:38.452Z] GET https://ourahealth.imgix.net/features/starting_the_day_jade.jpg?ixlib=js-3.8.0&auto=format&fit=max&fm=png&q=70&w=640&s=fe362b20c810248e66185c2aa8461011 → pending (?ms, ?B)
[2026-03-22T17:15:38.453Z] GET https://ouraring.com/cart?_rsc=2qfci → pending (?ms, ?B)
[2026-03-22T17:15:38.453Z] GET https://ouraring.com/store/rings/oura-ring-4?_rsc=2qfci → pending (?ms, ?B)
[2026-03-22T17:15:38.453Z] GET https://ouraring.com/blog/oura-team-usa/?_rsc=2qfci → pending (?ms, ?B)
[2026-03-22T17:15:38.469Z] POST https://api.commerce.ouraring.com/graphql → pending (?ms, ?B)
[2026-03-22T17:15:38.594Z] POST https://prodregistryv2.org/v1/rgstr?k=client-ClwWZyYa26ufdvqR5qipOmkpPCgwApkxjUGXPuKnKgI&st=javascript-client-react&sv=3.31.2&t=1774199738593&sid=33e53da3-dba9-417c-82c9-dfde2cbf25ac&ec=16&gz=1 → pending (?ms, ?B)
[2026-03-22T17:15:38.889Z] GET https://www.affirm.com/api/v2/session/touch_track → 200 (78ms, ?B)
[2026-03-22T17:15:38.889Z] GET https://www.affirm.com/api/v2/cookie_sent → 200 (54ms, ?B)
[2026-03-22T17:15:38.916Z] GET https://www.whoop.com/us/en/ → 200 (692ms, 1791039B)
[2026-03-22T17:15:38.943Z] GET https://www.affirm.com/api/v2/cookie_sent → 200 (35ms, ?B)
[2026-03-22T17:15:38.968Z] GET https://cdn-assets.affirm.com/upfunnel/experiments/axpV2ExperimentList.json → 200 (151ms, ?B)
[2026-03-22T17:15:39.133Z] POST https://features.affirm.com/v1/initialize?k=client-BLeunOm46BdfZXjMSze5uyovKdEpzUhn7N21W2D4jiC&st=javascript-client&sv=3.31.2&t=1774199739132&sid=e997dcaa-cb4a-4c5f-a905-11dfbf9bef56&se=1 → 200 (127ms, ?B)
[2026-03-22T17:15:39.186Z] POST https://api.commerce.ouraring.com/graphql → 200 (125ms, ?B)
[2026-03-22T17:15:39.186Z] POST https://api.commerce.ouraring.com/graphql → 200 (111ms, ?B)
[2026-03-22T17:15:39.463Z] POST https://features.affirm.com/v1/rgstr?k=client-BLeunOm46BdfZXjMSze5uyovKdEpzUhn7N21W2D4jiC&st=javascript-client&sv=3.31.2&t=1774199739462&sid=e997dcaa-cb4a-4c5f-a905-11dfbf9bef56&ec=2 → 202 (55ms, ?B)
[2026-03-22T17:15:39.613Z] GET https://www.whoop.com/_next/static/css/cbbb0f3001b5645b.css → 200 (66ms, 136514B)
[2026-03-22T17:15:39.614Z] GET https://www.whoop.com/_next/static/css/7b68b72fa2182570.css → 200 (56ms, 68786B)
[2026-03-22T17:15:39.614Z] GET https://www.whoop.com/_next/static/css/fa124c49a7d35fb5.css → 200 (56ms, 38833B)
[2026-03-22T17:15:39.614Z] GET https://www.whoop.com/_next/static/css/12b7932754a3b979.css → 200 (56ms, 215183B)
[2026-03-22T17:15:39.614Z] GET https://www.whoop.com/_next/static/css/f1bdbaddbe87d671.css → 200 (56ms, 19436B)
[2026-03-22T17:15:39.614Z] GET https://www.whoop.com/_next/static/css/3fb33bb7c6976287.css → 200 (60ms, 28895B)
[2026-03-22T17:15:39.614Z] GET https://www.whoop.com/_next/static/css/35f4296485a2ec43.css → 200 (56ms, 5723B)
[2026-03-22T17:15:39.614Z] GET https://www.whoop.com/_next/static/css/b447f410f411d49e.css → 200 (56ms, 4088B)
[2026-03-22T17:15:39.614Z] GET https://use.typekit.net/qqz5yds.css → pending (?ms, ?B)
[2026-03-22T17:15:39.614Z] GET https://cdn.amplitude.com/script/4483d4bb0e3f071613d0cc2546aacc65.experiment.js → pending (?ms, ?B)
[2026-03-22T17:15:39.614Z] GET https://cdn.cookielaw.org/consent/321e0df6-a53c-40aa-96e7-99a58d1865a5/OtAutoBlock.js → pending (?ms, ?B)
[2026-03-22T17:15:39.614Z] GET https://cdn.cookielaw.org/scripttemplates/otSDKStub.js → pending (?ms, ?B)
[2026-03-22T17:15:39.614Z] GET https://www.whoop.com/_next/static/chunks/webpack-08ffa41ae60d1c7b.js → pending (?ms, ?B)
[2026-03-22T17:15:39.614Z] GET https://www.whoop.com/_next/static/chunks/bce60fc1-13549079f3adf78e.js → pending (?ms, ?B)
[2026-03-22T17:15:39.614Z] GET https://www.whoop.com/_next/static/chunks/935-81a2d84af5610b1e.js → pending (?ms, ?B)
[2026-03-22T17:15:39.614Z] GET https://www.whoop.com/_next/static/chunks/main-app-fbd57abeeb9345e7.js → pending (?ms, ?B)
[2026-03-22T17:15:39.831Z] GET https://p.typekit.net/p.css?s=1&k=qqz5yds&ht=tk&f=139.140.173.174.175.176.25136.25137.143.144.147.148.149.150.25138.25139.156.157.161.162.163.164.25140.25141.52776.52777.52780.52781.52783.52784.52787.52788.52793.52794.52796.52799.52800.52801.52802.52806&a=134068500&app=typekit&e=css → 200 (142ms, 5B)
[2026-03-22T17:15:39.832Z] GET https://videos.ctfassets.net/rbzqg6pelgqa/1qNUDy3Kalh6nd3sYyy4vD/3ecd2e778352554be72abf7bb1d518a2/WHOOP_Web_HomepageHero_JanJump_16x9_Final__1_.mp4 → 206 (185ms, 3034228B)
[2026-03-22T17:15:39.832Z] GET https://videos.ctfassets.net/rbzqg6pelgqa/7BkHdx09yKfXfWRLB1sSqw/e2e50632d7e54a7328ec9a1fd550aea1/DifferentbyDesign_4x3_01_Final__1___1___1_.mp4 → 206 (432ms, ?B)
[2026-03-22T17:15:39.992Z] GET https://images.ctfassets.net/rbzqg6pelgqa/72J6qyIknYPZ6EPgNo1ur3/5a99e2437af3f0313fc99258b0be5d76/jet.webp → 200 (522ms, 58B)
[2026-03-22T17:15:39.992Z] GET https://images.ctfassets.net/rbzqg6pelgqa/XoDL1C8hL8tfxPj3ZKUAC/3dbc44a36465760e697400cf6b02d163/haven.webp → 200 (521ms, 324B)
[2026-03-22T17:15:39.992Z] GET https://images.ctfassets.net/rbzqg6pelgqa/5u7NwcQFdhe0gAh34UB8Td/d9574aa5f7ea49cb05c17a9df6c41524/tidal.webp → 200 (522ms, 412B)
[2026-03-22T17:15:39.992Z] GET https://images.ctfassets.net/rbzqg6pelgqa/5LGqQvg8hqSL9isZ3p1dni/2230ff59bd74a0dbbc5f0077373fe410/mirage.webp → 200 (522ms, 194B)
[2026-03-22T17:15:39.992Z] GET https://images.ctfassets.net/rbzqg6pelgqa/4ydDDfpivuLG28h7yEwG76/ba4feec010dc7b87b55b43401f03c85c/drift.webp → 200 (521ms, 254B)
[2026-03-22T17:15:39.992Z] GET https://images.ctfassets.net/rbzqg6pelgqa/5ePSyJmjQPA780JJHRUZLa/aff1820e7dbbfa8a6ac64e889c9a2fd6/obsidian.webp → 200 (521ms, 104B)
[2026-03-22T17:15:39.992Z] GET https://images.ctfassets.net/rbzqg6pelgqa/2I8L6I9gP5kmo5tX2ut42q/2f3beb68f19e194df17fec7a274f5291/storm.webp → 200 (522ms, 296B)
[2026-03-22T17:15:39.992Z] GET https://images.ctfassets.net/rbzqg6pelgqa/2ChxaU7QUzvV3dRacPL6gn/bd7ed39328e4eaf76340de4c6bee715b/fresh.webp → 200 (522ms, 70B)
[2026-03-22T17:15:39.992Z] GET https://images.ctfassets.net/rbzqg6pelgqa/2XHGM88r66Vx0vuagMDO4l/6800c2967a31867b9863a02a7e811f69/rhodonite.webp → 200 (522ms, 66B)
[2026-03-22T17:15:39.992Z] GET https://images.ctfassets.net/rbzqg6pelgqa/3rRQedleI5CvXBLbdmOCMi/677b574c305c07d7b07170372746d252/rush.webp → 200 (522ms, 328B)
[2026-03-22T17:15:39.993Z] GET https://images.ctfassets.net/rbzqg6pelgqa/oqytnKuerues6p86OrXWn/796ffb5d8e58b7dc09764d45c5df18f6/aurora.webp → 200 (521ms, 74B)
[2026-03-22T17:15:39.994Z] GET https://use.typekit.net/af/efe4a5/00000000000000007735e609/30/l?primer=7cdcb44be4a7db8877ffa5c0007b8dd865b3bbc383831fe2ea177f62257a9191&fvd=n4&v=3 → 200 (260ms, 29820B)
[2026-03-22T17:15:39.994Z] GET https://use.typekit.net/af/78aca8/00000000000000007735e60d/30/l?primer=7cdcb44be4a7db8877ffa5c0007b8dd865b3bbc383831fe2ea177f62257a9191&fvd=n6&v=3 → 200 (260ms, 30192B)
[2026-03-22T17:15:39.994Z] GET https://use.typekit.net/af/2555e1/00000000000000007735e603/30/l?primer=7cdcb44be4a7db8877ffa5c0007b8dd865b3bbc383831fe2ea177f62257a9191&fvd=n7&v=3 → 200 (260ms, 30704B)
[2026-03-22T17:15:39.994Z] GET https://use.typekit.net/af/23e139/00000000000000007735e605/30/l?primer=7cdcb44be4a7db8877ffa5c0007b8dd865b3bbc383831fe2ea177f62257a9191&fvd=n5&v=3 → 200 (260ms, 30440B)
[2026-03-22T17:15:39.994Z] GET https://use.typekit.net/af/144da4/00000000000000007735e619/30/l?primer=7cdcb44be4a7db8877ffa5c0007b8dd865b3bbc383831fe2ea177f62257a9191&fvd=i6&v=3 → 200 (261ms, 30992B)
[2026-03-22T17:15:39.995Z] GET https://images.ctfassets.net/rbzqg6pelgqa/2MWznHIwCBkq0psNWBlMBd/4350d9ee58495e76c4b3946d09706bdf/Recovery.png?fm=webp&q=75&w=384 → 200 (520ms, 27462B)
[2026-03-22T17:15:39.995Z] GET https://images.ctfassets.net/rbzqg6pelgqa/xVYkNrlbEp2FBBlB8nZtN/936bba11c791cf05a07f263dfdea162e/Healthspan-1.png?fm=webp&q=75&w=384 → 200 (520ms, 28254B)
[2026-03-22T17:15:39.995Z] GET https://images.ctfassets.net/rbzqg6pelgqa/4DF8ek6h14dnRgI3fjAAOc/7c760379a38f2e32df2ebb5e0e8ee579/Sleep-1.png?fm=webp&q=75&w=384 → 200 (540ms, 20186B)
[2026-03-22T17:15:39.995Z] GET https://images.ctfassets.net/rbzqg6pelgqa/50iEhV1lmhfX4BOUjZnTK/0e7e3ac599a5607e1fb091b28cc2c127/Strain-1.png?fm=webp&q=75&w=384 → 200 (597ms, 13780B)
[2026-03-22T17:15:39.995Z] GET https://images.ctfassets.net/rbzqg6pelgqa/1iwCpHpMpjVHfBkQcNGv4P/fbd48749a53d0979359b9b7a86ff9de6/Stay_connected_to_your_heart_health__1_.webp?fm=webp&q=75&w=384 → 200 (712ms, 23488B)
[2026-03-22T17:15:39.995Z] GET https://images.ctfassets.net/rbzqg6pelgqa/4mUD3U1EGiLmCDbRm6OVV1/7900963e597b7c00b30c775e2c754a12/BP_Insights-1.png?fm=webp&q=75&w=384 → 200 (735ms, 11234B)
[2026-03-22T17:15:39.995Z] GET https://images.ctfassets.net/rbzqg6pelgqa/5mIC7gAOXgutLcOLFb1gfY/39645074e6b113e32abc8e332d8de5b6/MCI-1.png?fm=webp&q=75&w=384 → 200 (747ms, 18918B)
[2026-03-22T17:15:39.995Z] GET https://images.ctfassets.net/rbzqg6pelgqa/6zMC24dqM0l1wj69ZUOoV/64668a514c6510d5194f9402ed222013/ONE-logo.png?fm=webp&q=75&w=256 → 200 (750ms, 692B)
[2026-03-22T17:15:39.995Z] GET https://images.ctfassets.net/rbzqg6pelgqa/36XNlGhqZe2tfTxqNq4owE/2f45b6dc0cca4426042405e1b98cfbe5/One_card__1_.webp?fm=webp&q=25&w=1920 → 200 (761ms, ?B)
[2026-03-22T17:15:39.995Z] GET https://images.ctfassets.net/rbzqg6pelgqa/1XpiU4lN9ZNRFmP3ZCJOhM/8469375c9f8a34063d670f1e376658ac/PEAK-logo.png?fm=webp&q=75&w=256 → pending (?ms, ?B)
[2026-03-22T17:15:39.995Z] GET https://images.ctfassets.net/rbzqg6pelgqa/2L5W622UNiYxlnHE3hHGAL/d3443637b907fe3541f32a8d9fe58cbc/Peak_card__1_.png?fm=webp&q=25&w=1920 → pending (?ms, ?B)
[2026-03-22T17:15:39.995Z] GET https://images.ctfassets.net/rbzqg6pelgqa/7K8f7AFHrd9yFQZGNmPqYL/52779d1c6c2466e5db6d673c278ce75b/LIFE-logo.png?fm=webp&q=75&w=256 → pending (?ms, ?B)
[2026-03-22T17:15:39.995Z] GET https://images.ctfassets.net/rbzqg6pelgqa/4jiLfkO6RPmVBkcMtN3jRX/948f4061574b764a2897ae681988bbdc/Life_card__3_.png?fm=webp&q=25&w=1920 → pending (?ms, ?B)
[2026-03-22T17:15:39.995Z] GET https://images.ctfassets.net/rbzqg6pelgqa/5I95JPiLeukka1icX19lkP/e67704d468c036f5fe152fe463ec45a0/Cristiano_partners_Desktop.png?fm=webp&q=25&w=1920 → pending (?ms, ?B)
[2026-03-22T17:15:39.995Z] GET https://images.ctfassets.net/rbzqg6pelgqa/7kwNqKKE3pVRgpM42GFDNG/60242625a576452c62eec021630a46aa/stef_partners.webp?fm=webp&q=25&w=1920 → pending (?ms, ?B)
[2026-03-22T17:15:39.995Z] GET https://images.ctfassets.net/rbzqg6pelgqa/6IM4wyJQ2daXnYKfQ6vdtv/24ec7cb0a62eefe36516e3fdb072f57d/Shacarri_partners_Desktop__1_.png?fm=webp&q=75&w=256 → pending (?ms, ?B)
[2026-03-22T17:15:39.995Z] GET https://images.ctfassets.net/rbzqg6pelgqa/6wS2w5mR9XGRUh4osNW5Eq/ea5c1a34f05f5f8c79c80839eb694452/Patrick_partners_Desktop.png?fm=webp&q=25&w=1920 → pending (?ms, ?B)
[2026-03-22T17:15:39.995Z] GET https://images.ctfassets.net/rbzqg6pelgqa/45GgdvKxhvzOCnL7FVfI1z/a93e2c6c6abb437ffb30fc201d397a21/20240929_WHOOP_VVD_LOUIS_BAMFORD_WHOOP_KITCHEN_VIRGIL_193__1___1_.webp?fm=webp&q=25&w=1920 → pending (?ms, ?B)
[2026-03-22T17:15:40.016Z] GET https://www.whoop.com/_next/static/chunks/b6cf391a-1cc14d6d1d37aa64.js → 200 (740ms, 51539B)
[2026-03-22T17:15:40.016Z] GET https://www.whoop.com/_next/static/chunks/0472d28f-a20dd9c37b75a2db.js → pending (?ms, ?B)
[2026-03-22T17:15:40.016Z] GET https://www.whoop.com/_next/static/chunks/307-18564835794782dc.js → 200 (740ms, 78417B)
[2026-03-22T17:15:40.016Z] GET https://www.whoop.com/_next/static/chunks/435-b47ffbfe998e14fe.js → pending (?ms, ?B)
[2026-03-22T17:15:40.016Z] GET https://www.whoop.com/_next/static/chunks/878-d9222620233db457.js → pending (?ms, ?B)
[2026-03-22T17:15:40.016Z] GET https://www.whoop.com/_next/static/chunks/379-0326702855de13da.js → pending (?ms, ?B)
[2026-03-22T17:15:40.016Z] GET https://www.whoop.com/_next/static/chunks/41-f5be7246cd8ec827.js → pending (?ms, ?B)
[2026-03-22T17:15:40.016Z] GET https://www.whoop.com/_next/static/chunks/639-7517c2bba4bbca71.js → pending (?ms, ?B)
[2026-03-22T17:15:40.016Z] GET https://www.whoop.com/_next/static/chunks/742-730185f3695e149e.js → 200 (741ms, 13183B)
[2026-03-22T17:15:40.016Z] GET https://www.whoop.com/_next/static/chunks/368-a656ca87812bbbea.js → pending (?ms, ?B)
[2026-03-22T17:15:40.016Z] GET https://www.whoop.com/_next/static/chunks/750-0079423caea70e39.js → pending (?ms, ?B)
[2026-03-22T17:15:40.016Z] GET https://www.whoop.com/_next/static/chunks/154-3a30e78a0b57abef.js → pending (?ms, ?B)
[2026-03-22T17:15:40.017Z] GET https://www.whoop.com/_next/static/chunks/app/%5Bregion%5D/%5Blocale%5D/thelocker/%5Bslug%5D/page-3ca7d66db5b24ae7.js → pending (?ms, ?B)
[2026-03-22T17:15:40.017Z] GET https://www.whoop.com/_next/static/chunks/b3c8d182-e3a5d7e2cf5aee9a.js → pending (?ms, ?B)
[2026-03-22T17:15:40.017Z] GET https://www.whoop.com/_next/static/chunks/app/%5Bregion%5D/%5Blocale%5D/layout-5be40701702da85a.js → 200 (740ms, 13710B)
[2026-03-22T17:15:40.017Z] GET https://www.whoop.com/_next/static/chunks/app/%5Bregion%5D/%5Blocale%5D/error-f560633a5bfb77f6.js → pending (?ms, ?B)
[2026-03-22T17:15:40.017Z] GET https://www.whoop.com/_next/static/chunks/app/%5Bregion%5D/%5Blocale%5D/%5B...slug%5D/error-ff4c7960f024c61a.js → 200 (739ms, 4725B)
[2026-03-22T17:15:40.017Z] GET https://www.whoop.com/_next/static/chunks/app/%5Bregion%5D/%5Blocale%5D/%5B...slug%5D/not-found-84958e491752e653.js → 200 (740ms, 4321B)
[2026-03-22T17:15:40.017Z] GET https://www.whoop.com/_next/static/chunks/112-b925cad7527994a5.js → pending (?ms, ?B)
[2026-03-22T17:15:40.017Z] GET https://www.whoop.com/_next/static/chunks/app/%5Bregion%5D/%5Blocale%5D/%5B...slug%5D/page-d11c271e61c35761.js → pending (?ms, ?B)
[2026-03-22T17:15:40.267Z] GET https://images.ctfassets.net/rbzqg6pelgqa/2MWznHIwCBkq0psNWBlMBd/4350d9ee58495e76c4b3946d09706bdf/Recovery.png?fm=webp&q=75&w=256 → pending (?ms, ?B)
[2026-03-22T17:15:40.267Z] GET https://images.ctfassets.net/rbzqg6pelgqa/xVYkNrlbEp2FBBlB8nZtN/936bba11c791cf05a07f263dfdea162e/Healthspan-1.png?fm=webp&q=75&w=256 → pending (?ms, ?B)
[2026-03-22T17:15:40.267Z] GET https://images.ctfassets.net/rbzqg6pelgqa/4DF8ek6h14dnRgI3fjAAOc/7c760379a38f2e32df2ebb5e0e8ee579/Sleep-1.png?fm=webp&q=75&w=256 → pending (?ms, ?B)
[2026-03-22T17:15:40.267Z] GET https://images.ctfassets.net/rbzqg6pelgqa/50iEhV1lmhfX4BOUjZnTK/0e7e3ac599a5607e1fb091b28cc2c127/Strain-1.png?fm=webp&q=75&w=256 → pending (?ms, ?B)
[2026-03-22T17:15:40.267Z] GET https://images.ctfassets.net/rbzqg6pelgqa/1iwCpHpMpjVHfBkQcNGv4P/fbd48749a53d0979359b9b7a86ff9de6/Stay_connected_to_your_heart_health__1_.webp?fm=webp&q=75&w=256 → pending (?ms, ?B)
[2026-03-22T17:15:40.267Z] GET https://images.ctfassets.net/rbzqg6pelgqa/4mUD3U1EGiLmCDbRm6OVV1/7900963e597b7c00b30c775e2c754a12/BP_Insights-1.png?fm=webp&q=75&w=256 → pending (?ms, ?B)
[2026-03-22T17:15:40.267Z] GET https://images.ctfassets.net/rbzqg6pelgqa/5mIC7gAOXgutLcOLFb1gfY/39645074e6b113e32abc8e332d8de5b6/MCI-1.png?fm=webp&q=75&w=256 → pending (?ms, ?B)
[2026-03-22T17:15:40.267Z] GET https://images.ctfassets.net/rbzqg6pelgqa/5I95JPiLeukka1icX19lkP/e67704d468c036f5fe152fe463ec45a0/Cristiano_partners_Desktop.png?fm=webp&q=75&w=640 → pending (?ms, ?B)
[2026-03-22T17:15:40.267Z] GET https://images.ctfassets.net/rbzqg6pelgqa/7kwNqKKE3pVRgpM42GFDNG/60242625a576452c62eec021630a46aa/stef_partners.webp?fm=webp&q=75&w=640 → pending (?ms, ?B)
[2026-03-22T17:15:40.267Z] GET https://images.ctfassets.net/rbzqg6pelgqa/6IM4wyJQ2daXnYKfQ6vdtv/24ec7cb0a62eefe36516e3fdb072f57d/Shacarri_partners_Desktop__1_.png?fm=webp&q=75&w=128 → pending (?ms, ?B)
[2026-03-22T17:15:40.267Z] GET https://images.ctfassets.net/rbzqg6pelgqa/6wS2w5mR9XGRUh4osNW5Eq/ea5c1a34f05f5f8c79c80839eb694452/Patrick_partners_Desktop.png?fm=webp&q=75&w=640 → pending (?ms, ?B)
[2026-03-22T17:15:40.267Z] GET https://images.ctfassets.net/rbzqg6pelgqa/45GgdvKxhvzOCnL7FVfI1z/a93e2c6c6abb437ffb30fc201d397a21/20240929_WHOOP_VVD_LOUIS_BAMFORD_WHOOP_KITCHEN_VIRGIL_193__1___1_.webp?fm=webp&q=75&w=640 → pending (?ms, ?B)
[2026-03-22T17:15:40.267Z] GET https://images.ctfassets.net/rbzqg6pelgqa/73cxJ4roWD2ZvfFKx13ed5/e105a49eb233647f61abd231d332bbe8/Mask_group_one.webp?fm=webp&q=75&w=384 → pending (?ms, ?B)
[2026-03-22T17:15:40.267Z] GET https://images.ctfassets.net/rbzqg6pelgqa/4KQPSMiu9SFBX8NUiaChmW/a6548a2e48699085bb8c26ba0910166d/one_nav.webp?fm=webp&q=75&w=96 → pending (?ms, ?B)
[2026-03-22T17:15:40.267Z] GET https://images.ctfassets.net/rbzqg6pelgqa/6UCIDEnk48ouaMwoE27MUu/363bec1d6596c2e4a360aa5d1d7af128/Mask_group.webp?fm=webp&q=75&w=384 → pending (?ms, ?B)
[2026-03-22T17:15:40.267Z] GET https://images.ctfassets.net/rbzqg6pelgqa/6hjbCZZEjg8bGBhNFytdoV/9783d277e9a0bed61a4273e5ee90126d/peak_nav.webp?fm=webp&q=75&w=96 → pending (?ms, ?B)
[2026-03-22T17:15:40.267Z] GET https://images.ctfassets.net/rbzqg6pelgqa/1FS7gW65y1tFNzj2C5Ow2r/8303b8011b65e603e69e10cec77196b5/Mask_group_life.webp?fm=webp&q=75&w=384 → pending (?ms, ?B)
[2026-03-22T17:15:40.267Z] GET https://images.ctfassets.net/rbzqg6pelgqa/58YW2FcR5FwJhB2BMIOJUC/f92d90036ece923a23c456186293216b/life_nav.png?fm=webp&q=75&w=96 → pending (?ms, ?B)
[2026-03-22T17:15:40.828Z] GET https://flag.lab.amplitude.com/sdk/v2/flags?delivery_method=web → 200 (506ms, 549B)
[2026-03-22T17:15:41.150Z] GET https://www.googletagmanager.com/gtm.js?id=GTM-NGFF9PP → pending (?ms, ?B)
[2026-03-22T17:15:41.150Z] GET https://cdn.amplitude.com/libs/analytics-browser-2.10.0-min.js.gz → 200 (507ms, 135127B)
[2026-03-22T17:15:41.150Z] GET https://www.whoop.com/api/experiments/?name=accessories-link-experiment&country=us&language=en → 200 (167ms, ?B)
[2026-03-22T17:15:41.150Z] GET https://www.whoop.com/api/experiments/?name=one-on-harvard-banner-dotcom&country=us&language=en → 200 (155ms, ?B)
[2026-03-22T17:15:41.150Z] GET https://www.whoop.com/api/experiments/?name=exp-web-dotcom-region-selector-header&country=us&language=en → 200 (179ms, ?B)
[2026-03-22T17:15:41.150Z] GET https://www.whoop.com/api/experiments/?name=sticky-cta-dot-com&country=us&language=en → 200 (179ms, ?B)
[2026-03-22T17:15:41.150Z] GET https://www.whoop.com/api/experiments/?name=exp-web-science-backed&country=us&language=en → 200 (166ms, 7B)
[2026-03-22T17:15:41.150Z] GET https://www.whoop.com/api/experiments/?name=exp-web-dotcom-mem-cards-price-removal&country=us&language=en → 200 (167ms, ?B)
[2026-03-22T17:15:41.155Z] GET https://cdn.cookielaw.org/consent/321e0df6-a53c-40aa-96e7-99a58d1865a5/321e0df6-a53c-40aa-96e7-99a58d1865a5.json → 200 (180ms, 4779B)
[2026-03-22T17:15:41.155Z] GET https://videos.ctfassets.net/rbzqg6pelgqa/7BkHdx09yKfXfWRLB1sSqw/e2e50632d7e54a7328ec9a1fd550aea1/DifferentbyDesign_4x3_01_Final__1___1___1_.mp4 → 206 (373ms, ?B)
[2026-03-22T17:15:41.169Z] GET https://www.whoop.com/us/en/ → 200 (85ms, ?B)
[2026-03-22T17:15:41.169Z] GET https://www.whoop.com/us/en/membership/ → 200 (136ms, ?B)
[2026-03-22T17:15:41.169Z] GET https://www.whoop.com/us/en/how-it-works/ → 200 (74ms, ?B)
[2026-03-22T17:15:41.169Z] GET https://www.whoop.com/us/en/whoop-trials/ → 200 (81ms, ?B)
[2026-03-22T17:15:41.169Z] GET https://www.whoop.com/us/en/difference/ → 200 (84ms, ?B)
[2026-03-22T17:15:41.169Z] GET https://www.whoop.com/us/en/advanced-labs/ → 200 (84ms, ?B)
[2026-03-22T17:15:41.327Z] GET https://images.ctfassets.net/rbzqg6pelgqa/4f52gM9CGLZhCBb2V4Cejc/0ff84bc1d8d3bd70ea9da55895c0a48d/whoop-50-band-sleep-tracking-woman-resting.webp → 200 (239ms, 39968B)
[2026-03-22T17:15:41.327Z] GET https://images.ctfassets.net/rbzqg6pelgqa/6ejROamw7Qk586KY5VlogB/11e37defa88c39f27c92194ce8f1fd37/whoop-50-band-woman-deadlift-training-gym.webp → 200 (239ms, 41642B)
[2026-03-22T17:15:41.327Z] GET https://images.ctfassets.net/rbzqg6pelgqa/2IAQkjZNalABk0HJmz7up1/4cf4b43f283855595edee713b6fc8d78/whoop-50-band-woman-waking-up-morning-light.webp → 200 (239ms, 35108B)
[2026-03-22T17:15:41.335Z] GET https://geolocation.onetrust.com/cookieconsentpub/v1/geo/location → 200 (188ms, 69B)
[2026-03-22T17:15:41.527Z] GET https://cdn.cookielaw.org/scripttemplates/202503.1.0/otBannerSdk.js → 200 (161ms, 491852B)
[2026-03-22T17:15:41.698Z] GET https://cdn.cookielaw.org/consent/321e0df6-a53c-40aa-96e7-99a58d1865a5/01952a50-b4f7-7d90-ac75-08c68d97baae/en.json → pending (?ms, ?B)
[2026-03-22T17:15:41.794Z] GET https://cdn.cookielaw.org/scripttemplates/202503.1.0/assets/otFlat.json → 200 (54ms, 15369B)
[2026-03-22T17:15:41.794Z] GET https://cdn.cookielaw.org/scripttemplates/202503.1.0/assets/v2/otPcCenter.json → 200 (64ms, 64584B)
[2026-03-22T17:15:41.794Z] GET https://cdn.cookielaw.org/scripttemplates/202503.1.0/assets/otCommonStyles.css → 200 (54ms, 25157B)
[2026-03-22T17:15:41.846Z] GET https://www.lightboxcdn.com/vendor/7206db4b-ab9c-4386-85b5-d82a8940401a/lightbox_speed.js → 200 (185ms, 3706B)
[2026-03-22T17:15:41.869Z] GET https://cdn.cookielaw.org/logos/static/ot_guard_logo.svg → 200 (52ms, 497B)
[2026-03-22T17:15:41.873Z] GET https://cdn.cookielaw.org/logos/07fdf451-b1d6-4707-aa5a-f149e17a7bde/01971350-accf-7767-a49c-40f6749c8932/6d9b7b02-b7bb-4a14-a977-178d799b5b41/image.png → 200 (57ms, 2919B)
[2026-03-22T17:15:41.873Z] GET https://cdn.cookielaw.org/logos/static/powered_by_logo.svg → 200 (90ms, 5194B)
[2026-03-22T17:15:42.040Z] GET https://api.lightboxcdn.com/z9gd/7206db4b-ab9c-4386-85b5-d82a8940401a/www.whoop.com/jsonp/z?cb=1774199742031&callback=__dgoijejbpb0m7n → 200 (563ms, 511B)
[2026-03-22T17:15:42.040Z] GET https://www.lightboxcdn.com/vendor/7206db4b-ab9c-4386-85b5-d82a8940401a/user.js?cb=639076374873649745 → 200 (131ms, 17686B)
[2026-03-22T17:15:42.040Z] GET https://www.lightboxcdn.com/vendor/7206db4b-ab9c-4386-85b5-d82a8940401a/custom.js?cb=5481DD66BA2476BBBDA48B64E1731AC8 → 200 (134ms, 52627B)
[2026-03-22T17:15:42.040Z] GET https://www.lightboxcdn.com/vendor/7206db4b-ab9c-4386-85b5-d82a8940401a/main.js?cb=11F269417CC438CF09843839F630DC61 → 200 (209ms, 428571B)
[2026-03-22T17:15:42.040Z] GET https://www.lightboxcdn.com/z9g/digibox.gif?c=1774199742031&h=www.whoop.com&e=p&u=45337 → 200 (323ms, 35B)
[2026-03-22T17:15:42.261Z] GET https://www.lightboxcdn.com/static/fb_lightbox.2.1.5.css?cb=20240725 → 200 (99ms, 6013B)
[2026-03-22T17:15:42.614Z] GET https://www.lightboxcdn.com/vendor/7206db4b-ab9c-4386-85b5-d82a8940401a/lightbox/5a651360-079d-45c7-8f3c-73b2b3f003cc/effects.js?cb=639076374825070000 → 200 (65ms, 3571B)
[2026-03-22T17:15:42.614Z] GET https://www.lightboxcdn.com/vendor/7206db4b-ab9c-4386-85b5-d82a8940401a/lightbox/120beaab-ea7e-4a27-91b0-a68402b90a24/effects.js?cb=639076358885630000 → 200 (62ms, 3547B)
[2026-03-22T17:15:42.665Z] POST https://api2.amplitude.com/2/httpapi → pending (?ms, ?B)
[2026-03-22T17:15:42.679Z] GET https://www.lightboxcdn.com/vendor/7206db4b-ab9c-4386-85b5-d82a8940401a/lightbox/120beaab-ea7e-4a27-91b0-a68402b90a24/breakpoints.js?cb=639076358885630000 → 200 (54ms, 42949B)
[2026-03-22T17:15:42.681Z] GET https://www.lightboxcdn.com/vendor/7206db4b-ab9c-4386-85b5-d82a8940401a/lightbox/5a651360-079d-45c7-8f3c-73b2b3f003cc/breakpoints.js?cb=639076374825070000 → 200 (58ms, 68603B)
[2026-03-22T17:15:42.736Z] GET https://www.lightboxcdn.com/vendor/7206db4b-ab9c-4386-85b5-d82a8940401a/lightbox/120beaab-ea7e-4a27-91b0-a68402b90a24/settings.js?cb=639076358885630000 → pending (?ms, ?B)
[2026-03-22T17:15:42.738Z] GET https://www.lightboxcdn.com/vendor/7206db4b-ab9c-4386-85b5-d82a8940401a/lightbox_builder.js?cb=F96ACFC6CCCE1091C48E3BD493FEDB43 → pending (?ms, ?B)
[2026-03-22T17:15:42.741Z] GET https://www.lightboxcdn.com/vendor/7206db4b-ab9c-4386-85b5-d82a8940401a/lightbox/5a651360-079d-45c7-8f3c-73b2b3f003cc/settings.js?cb=639076374825070000 → pending (?ms, ?B)
[2026-03-22T17:15:42.742Z] GET https://www.lightboxcdn.com/vendor/7206db4b-ab9c-4386-85b5-d82a8940401a/lightbox_builder.js?cb=F96ACFC6CCCE1091C48E3BD493FEDB43 → pending (?ms, ?B)
[2026-03-22T17:15:42.936Z] GET https://www.lightboxcdn.com/vendor/7206db4b-ab9c-4386-85b5-d82a8940401a/custom_box.js?cb=E31AE4E9BD9D72141647E36CE7B927FB → 200 (48ms, 46949B)
[2026-03-22T17:15:42.941Z] GET https://www.lightboxcdn.com/vendor/7206db4b-ab9c-4386-85b5-d82a8940401a/custom_box.js?cb=E31AE4E9BD9D72141647E36CE7B927FB → 200 (43ms, 46949B)
[2026-03-22T17:15:42.995Z] GET https://s3.lightboxcdn.com/custom_fonts/5bfeb69c-20b5-4d0a-ba6e-687e81ddae51.css?cb=639076374824117468 → 200 (107ms, 5485B)
[2026-03-22T17:15:42.995Z] GET https://s3.lightboxcdn.com/vendors/7206db4b-ab9c-4386-85b5-d82a8940401a/uploads/5598bbe9-9409-4dc8-9690-8ab613d76dc9/Frame_2085654055.png → 200 (102ms, 52092B)
[2026-03-22T17:15:43.001Z] GET https://s3.lightboxcdn.com/custom_fonts/5bfeb69c-20b5-4d0a-ba6e-687e81ddae51.css?cb=639076374824117468 → 200 (100ms, 5485B)
[2026-03-22T17:15:43.001Z] GET https://s3.lightboxcdn.com/vendors/7206db4b-ab9c-4386-85b5-d82a8940401a/uploads/5598bbe9-9409-4dc8-9690-8ab613d76dc9/Frame_2085654055.png → 200 (96ms, 52092B)
[2026-03-22T17:15:43.101Z] GET https://p.typekit.net/p.css?s=1&k=qqz5yds&ht=tk&f=139.140.173.174.175.176.25136.25137.143.144.147.148.149.150.25138.25139.156.157.161.162.163.164.25140.25141.52776.52777.52780.52781.52783.52784.52787.52788.52793.52794.52796.52799.52800.52801.52802.52806&a=134068500&app=typekit&e=css → 200 (?ms, 5B)
[2026-03-22T17:15:43.102Z] GET https://p.typekit.net/p.css?s=1&k=qqz5yds&ht=tk&f=139.140.173.174.175.176.25136.25137.143.144.147.148.149.150.25138.25139.156.157.161.162.163.164.25140.25141.52776.52777.52780.52781.52783.52784.52787.52788.52793.52794.52796.52799.52800.52801.52802.52806&a=134068500&app=typekit&e=css → 200 (?ms, 5B)
[2026-03-22T17:15:43.102Z] GET https://use.typekit.net/af/2555e1/00000000000000007735e603/30/l?primer=7cdcb44be4a7db8877ffa5c0007b8dd865b3bbc383831fe2ea177f62257a9191&fvd=n7&v=3 → 200 (?ms, ?B)
[2026-03-22T17:15:43.102Z] GET https://use.typekit.net/af/78aca8/00000000000000007735e60d/30/l?primer=7cdcb44be4a7db8877ffa5c0007b8dd865b3bbc383831fe2ea177f62257a9191&fvd=n6&v=3 → 200 (?ms, ?B)
[2026-03-22T17:15:43.102Z] GET https://use.typekit.net/af/144da4/00000000000000007735e619/30/l?primer=7cdcb44be4a7db8877ffa5c0007b8dd865b3bbc383831fe2ea177f62257a9191&fvd=i6&v=3 → 200 (?ms, ?B)
[2026-03-22T17:15:43.102Z] GET https://use.typekit.net/af/efe4a5/00000000000000007735e609/30/l?primer=7cdcb44be4a7db8877ffa5c0007b8dd865b3bbc383831fe2ea177f62257a9191&fvd=n4&v=3 → 200 (?ms, ?B)
[2026-03-22T17:15:43.103Z] GET https://use.typekit.net/af/23e139/00000000000000007735e605/30/l?primer=7cdcb44be4a7db8877ffa5c0007b8dd865b3bbc383831fe2ea177f62257a9191&fvd=n5&v=3 → 200 (?ms, ?B)
[2026-03-22T17:15:43.103Z] GET https://use.typekit.net/af/2555e1/00000000000000007735e603/30/l?primer=7cdcb44be4a7db8877ffa5c0007b8dd865b3bbc383831fe2ea177f62257a9191&fvd=n7&v=3 → 200 (?ms, ?B)
[2026-03-22T17:15:43.103Z] GET https://use.typekit.net/af/78aca8/00000000000000007735e60d/30/l?primer=7cdcb44be4a7db8877ffa5c0007b8dd865b3bbc383831fe2ea177f62257a9191&fvd=n6&v=3 → 200 (?ms, ?B)
[2026-03-22T17:15:43.103Z] GET https://use.typekit.net/af/144da4/00000000000000007735e619/30/l?primer=7cdcb44be4a7db8877ffa5c0007b8dd865b3bbc383831fe2ea177f62257a9191&fvd=i6&v=3 → 200 (?ms, ?B)
[2026-03-22T17:15:43.103Z] GET https://use.typekit.net/af/efe4a5/00000000000000007735e609/30/l?primer=7cdcb44be4a7db8877ffa5c0007b8dd865b3bbc383831fe2ea177f62257a9191&fvd=n4&v=3 → 200 (?ms, ?B)
[2026-03-22T17:15:43.103Z] GET https://use.typekit.net/af/23e139/00000000000000007735e605/30/l?primer=7cdcb44be4a7db8877ffa5c0007b8dd865b3bbc383831fe2ea177f62257a9191&fvd=n5&v=3 → 200 (?ms, ?B)
[2026-03-22T17:15:53.623Z] GET https://s3.lightboxcdn.com/vendors/7206db4b-ab9c-4386-85b5-d82a8940401a/uploads/798e38bb-38b1-4cc6-b796-f861e167f9eb/Closeblack.png → 200 (63ms, 138B)
[2026-03-22T17:15:54.131Z] GET https://www.lightboxcdn.com/z9g/digibox.gif?c=1774199754126&h=www.whoop.com&e=i&u=45337&b=291585&v=empty&s=empty → 200 (33ms, 35B)
